# JRE version: OpenJDK Runtime Environment Temurin-11.0.12+7 (11.0.12+7) (build 11.0.12+7)
# Java VM: OpenJDK 64-Bit Server VM Temurin-11.0.12+7 (11.0.12+7, mixed mode, tiered, compressed oops, g1 gc, windows-amd64)
Heap:
 garbage-first heap   total 236544K, used 32337K [0x0000000761e00000, 0x0000000800000000)
  region size 1024K, 10 young (10240K), 9 survivors (9216K)
 Metaspace       used 75100K, capacity 77419K, committed 77744K, reserved 1116160K
  class space    used 10007K, capacity 10903K, committed 11008K, reserved 1048576K
GC Heap History (20 events):
Event: 3.821 GC heap before
{Heap before GC invocations=7 (full 0):
 garbage-first heap   total 163840K, used 21532K [0x0000000761e00000, 0x0000000800000000)
  region size 1024K, 16 young (16384K), 8 survivors (8192K)
 Metaspace       used 34720K, capacity 35758K, committed 35888K, reserved 1081344K
  class space    used 4460K, capacity 4883K, committed 4992K, reserved 1048576K
}
Event: 3.839 GC heap after
{Heap after GC invocations=8 (full 0):
 garbage-first heap   total 163840K, used 15066K [0x0000000761e00000, 0x0000000800000000)
  region size 1024K, 6 young (6144K), 6 survivors (6144K)
 Metaspace       used 34720K, capacity 35758K, committed 35888K, reserved 1081344K
  class space    used 4460K, capacity 4883K, committed 4992K, reserved 1048576K
}
Event: 4.463 GC heap before
{Heap before GC invocations=9 (full 0):
 garbage-first heap   total 163840K, used 106202K [0x0000000761e00000, 0x0000000800000000)
  region size 1024K, 96 young (98304K), 6 survivors (6144K)
 Metaspace       used 38551K, capacity 39817K, committed 39984K, reserved 1083392K
  class space    used 4970K, capacity 5496K, committed 5504K, reserved 1048576K
}
Event: 4.474 GC heap after
{Heap after GC invocations=10 (full 0):
 garbage-first heap   total 196608K, used 17299K [0x0000000761e00000, 0x0000000800000000)
  region size 1024K, 8 young (8192K), 8 survivors (8192K)
 Metaspace       used 38551K, capacity 39817K, committed 39984K, reserved 1083392K
  class space    used 4970K, capacity 5496K, committed 5504K, reserved 1048576K
}
Event: 5.796 GC heap before
{Heap before GC invocations=10 (full 0):
 garbage-first heap   total 196608K, used 125843K [0x0000000761e00000, 0x0000000800000000)
  region size 1024K, 115 young (117760K), 8 survivors (8192K)
 Metaspace       used 49590K, capacity 51006K, committed 51248K, reserved 1093632K
  class space    used 6416K, capacity 7001K, committed 7040K, reserved 1048576K
}
Event: 5.808 GC heap after
{Heap after GC invocations=11 (full 0):
 garbage-first heap   total 196608K, used 21331K [0x0000000761e00000, 0x0000000800000000)
  region size 1024K, 10 young (10240K), 10 survivors (10240K)
 Metaspace       used 49590K, capacity 51006K, committed 51248K, reserved 1093632K
  class space    used 6416K, capacity 7001K, committed 7040K, reserved 1048576K
}
Event: 6.938 GC heap before
{Heap before GC invocations=11 (full 0):
 garbage-first heap   total 196608K, used 74579K [0x0000000761e00000, 0x0000000800000000)
  region size 1024K, 63 young (64512K), 10 survivors (10240K)
 Metaspace       used 58607K, capacity 60057K, committed 60208K, reserved 1101824K
  class space    used 7840K, capacity 8476K, committed 8576K, reserved 1048576K
}
Event: 6.954 GC heap after
{Heap after GC invocations=12 (full 0):
 garbage-first heap   total 196608K, used 23405K [0x0000000761e00000, 0x0000000800000000)
  region size 1024K, 9 young (9216K), 9 survivors (9216K)
 Metaspace       used 58607K, capacity 60057K, committed 60208K, reserved 1101824K
  class space    used 7840K, capacity 8476K, committed 8576K, reserved 1048576K
}
Event: 8.165 GC heap before
{Heap before GC invocations=13 (full 0):
 garbage-first heap   total 196608K, used 129901K [0x0000000761e00000, 0x0000000800000000)
  region size 1024K, 113 young (115712K), 9 survivors (9216K)
 Metaspace       used 66626K, capacity 68481K, committed 68528K, reserved 1107968K
  class space    used 8934K, capacity 9704K, committed 9728K, reserved 1048576K
}
Event: 8.181 GC heap after
{Heap after GC invocations=14 (full 0):
 garbage-first heap   total 196608K, used 28532K [0x0000000761e00000, 0x0000000800000000)
  region size 1024K, 11 young (11264K), 11 survivors (11264K)
 Metaspace       used 66626K, capacity 68481K, committed 68528K, reserved 1107968K
  class space    used 8934K, capacity 9704K, committed 9728K, reserved 1048576K
}
Event: 751.376 GC heap before
{Heap before GC invocations=15 (full 0):
 garbage-first heap   total 196608K, used 135028K [0x0000000761e00000, 0x0000000800000000)
  region size 1024K, 115 young (117760K), 11 survivors (11264K)
 Metaspace       used 73277K, capacity 75515K, committed 75696K, reserved 1114112K
  class space    used 9802K, capacity 10689K, committed 10752K, reserved 1048576K
}
Event: 751.406 GC heap after
{Heap after GC invocations=16 (full 0):
 garbage-first heap   total 236544K, used 30456K [0x0000000761e00000, 0x0000000800000000)
  region size 1024K, 9 young (9216K), 9 survivors (9216K)
 Metaspace       used 73277K, capacity 75515K, committed 75696K, reserved 1114112K
  class space    used 9802K, capacity 10689K, committed 10752K, reserved 1048576K
}
Event: 2109.020 GC heap before
{Heap before GC invocations=16 (full 0):
 garbage-first heap   total 236544K, used 154360K [0x0000000761e00000, 0x0000000800000000)
  region size 1024K, 130 young (133120K), 9 survivors (9216K)
 Metaspace       used 73362K, capacity 75627K, committed 75696K, reserved 1114112K
  class space    used 9813K, capacity 10699K, committed 10752K, reserved 1048576K
}
Event: 2109.035 GC heap after
{Heap after GC invocations=17 (full 0):
 garbage-first heap   total 236544K, used 32015K [0x0000000761e00000, 0x0000000800000000)
  region size 1024K, 9 young (9216K), 9 survivors (9216K)
 Metaspace       used 73362K, capacity 75627K, committed 75696K, reserved 1114112K
  class space    used 9813K, capacity 10699K, committed 10752K, reserved 1048576K
}
Event: 3580.534 GC heap before
{Heap before GC invocations=17 (full 0):
 garbage-first heap   total 236544K, used 163087K [0x0000000761e00000, 0x0000000800000000)
  region size 1024K, 137 young (140288K), 9 survivors (9216K)
 Metaspace       used 73590K, capacity 75837K, committed 75952K, reserved 1114112K
  class space    used 9818K, capacity 10705K, committed 10752K, reserved 1048576K
}
Event: 3580.549 GC heap after
{Heap after GC invocations=18 (full 0):
 garbage-first heap   total 236544K, used 32368K [0x0000000761e00000, 0x0000000800000000)
  region size 1024K, 9 young (9216K), 9 survivors (9216K)
 Metaspace       used 73590K, capacity 75837K, committed 75952K, reserved 1114112K
  class space    used 9818K, capacity 10705K, committed 10752K, reserved 1048576K
}
Event: 5264.353 GC heap before
{Heap before GC invocations=18 (full 0):
 garbage-first heap   total 236544K, used 164464K [0x0000000761e00000, 0x0000000800000000)
  region size 1024K, 138 young (141312K), 9 survivors (9216K)
 Metaspace       used 74329K, capacity 76631K, committed 76848K, reserved 1116160K
  class space    used 9918K, capacity 10816K, committed 10880K, reserved 1048576K
}
Event: 5264.376 GC heap after
{Heap after GC invocations=19 (full 0):
 garbage-first heap   total 236544K, used 31964K [0x0000000761e00000, 0x0000000800000000)
  region size 1024K, 9 young (9216K), 9 survivors (9216K)
 Metaspace       used 74329K, capacity 76631K, committed 76848K, reserved 1116160K
  class space    used 9918K, capacity 10816K, committed 10880K, reserved 1048576K
}
Event: 6550.508 GC heap before
{Heap before GC invocations=19 (full 0):
 garbage-first heap   total 236544K, used 164060K [0x0000000761e00000, 0x0000000800000000)
  region size 1024K, 138 young (141312K), 9 survivors (9216K)
 Metaspace       used 75099K, capacity 77419K, committed 77744K, reserved 1116160K
  class space    used 10007K, capacity 10903K, committed 11008K, reserved 1048576K
}
Event: 6550.521 GC heap after
{Heap after GC invocations=20 (full 0):
 garbage-first heap   total 236544K, used 32337K [0x0000000761e00000, 0x0000000800000000)
  region size 1024K, 9 young (9216K), 9 survivors (9216K)
 Metaspace       used 75099K, capacity 77419K, committed 77744K, reserved 1116160K
  class space    used 10007K, capacity 10903K, committed 11008K, reserved 1048576K
}

